<?xml version="1.0" encoding="UTF-8"?>
<!-- Generated by org.testng.reporters.JUnitXMLReporter -->
<testsuite ignored="0" hostname="IBM-159MB54" failures="0" tests="4" name="eBay Tests" time="50.824" errors="0" timestamp="2025-03-18T16:30:31 IST">
  <testcase classname="com.ebay.pom.tests.RegistrationTest" name="testUserRegistration" time="13.095"/>
  <testcase classname="com.ebay.pom.tests.LoginTest" name="testLogin" time="9.183"/>
  <testcase classname="com.ebay.pom.tests.SearchTest" name="testSearchProduct" time="7.686"/>
  <testcase classname="com.ebay.pom.tests.SearchTest" name="testAddToCart" time="13.603"/>
</testsuite> <!-- eBay Tests -->
