<?xml version="1.0" encoding="UTF-8"?>
<!-- Generated by org.testng.reporters.JUnitXMLReporter -->
<testsuite ignored="0" hostname="IBM-159MB54" failures="0" tests="4" name="eBay Tests" time="56.634" errors="0" timestamp="2025-03-19T10:19:17 IST">
  <testcase classname="com.ebay.pom.tests.RegistrationTest" name="testUserRegistration" time="12.109"/>
  <testcase classname="com.ebay.pom.tests.LoginTest" name="testLogin" time="11.984"/>
  <testcase classname="com.ebay.pom.tests.SearchTest" name="testSearchProduct" time="11.01"/>
  <testcase classname="com.ebay.pom.tests.SearchTest" name="testAddToCart" time="13.669"/>
</testsuite> <!-- eBay Tests -->
