<?xml version="1.0" encoding="UTF-8"?>
<testng-results ignored="0" total="4" passed="4" failed="0" skipped="0">
  <reporter-output>
  </reporter-output>
  <suite started-at="2025-03-18T16:29:40 IST" name="eBay Test Suite" finished-at="2025-03-18T16:30:31 IST" duration-ms="50824">
    <groups>
      <group name="search">
        <method signature="SearchTest.testSearchProduct()[pri:1, instance:com.ebay.pom.tests.SearchTest@66d18979]" name="testSearchProduct" class="com.ebay.pom.tests.SearchTest"/>
      </group> <!-- search -->
      <group name="registration">
        <method signature="RegistrationTest.testUserRegistration()[pri:0, instance:com.ebay.pom.tests.RegistrationTest@43c1b556]" name="testUserRegistration" class="com.ebay.pom.tests.RegistrationTest"/>
      </group> <!-- registration -->
      <group name="login">
        <method signature="LoginTest.testLogin()[pri:0, instance:com.ebay.pom.tests.LoginTest@c0c2f8d]" name="testLogin" class="com.ebay.pom.tests.LoginTest"/>
      </group> <!-- login -->
      <group name="cart">
        <method signature="SearchTest.testAddToCart()[pri:2, instance:com.ebay.pom.tests.SearchTest@66d18979]" name="testAddToCart" class="com.ebay.pom.tests.SearchTest"/>
      </group> <!-- cart -->
    </groups>
    <test started-at="2025-03-18T16:29:40 IST" name="eBay Tests" finished-at="2025-03-18T16:30:31 IST" duration-ms="50824">
      <class name="com.ebay.pom.tests.SearchTest">
        <test-method is-config="true" signature="setup()[pri:0, instance:com.ebay.pom.tests.SearchTest@66d18979]" started-at="2025-03-18T16:30:07 IST" name="setup" finished-at="2025-03-18T16:30:09 IST" duration-ms="1711" status="PASS">
          <reporter-output>
          </reporter-output>
        </test-method> <!-- setup -->
        <test-method signature="testSearchProduct()[pri:1, instance:com.ebay.pom.tests.SearchTest@66d18979]" started-at="2025-03-18T16:30:09 IST" name="testSearchProduct" finished-at="2025-03-18T16:30:17 IST" duration-ms="7686" status="PASS">
          <reporter-output>
          </reporter-output>
        </test-method> <!-- testSearchProduct -->
        <test-method signature="testAddToCart()[pri:2, instance:com.ebay.pom.tests.SearchTest@66d18979]" started-at="2025-03-18T16:30:17 IST" name="testAddToCart" finished-at="2025-03-18T16:30:30 IST" depends-on-methods="com.ebay.pom.tests.SearchTest.testSearchProduct" duration-ms="13603" status="PASS">
          <reporter-output>
          </reporter-output>
        </test-method> <!-- testAddToCart -->
        <test-method is-config="true" signature="teardown()[pri:0, instance:com.ebay.pom.tests.SearchTest@66d18979]" started-at="2025-03-18T16:30:30 IST" name="teardown" finished-at="2025-03-18T16:30:31 IST" duration-ms="518" status="PASS">
          <reporter-output>
          </reporter-output>
        </test-method> <!-- teardown -->
      </class> <!-- com.ebay.pom.tests.SearchTest -->
      <class name="com.ebay.pom.tests.LoginTest">
        <test-method is-config="true" signature="setup()[pri:0, instance:com.ebay.pom.tests.LoginTest@c0c2f8d]" started-at="2025-03-18T16:29:56 IST" name="setup" finished-at="2025-03-18T16:29:58 IST" duration-ms="1540" status="PASS">
          <reporter-output>
          </reporter-output>
        </test-method> <!-- setup -->
        <test-method signature="testLogin()[pri:0, instance:com.ebay.pom.tests.LoginTest@c0c2f8d]" started-at="2025-03-18T16:29:58 IST" name="testLogin" depends-on-groups="registration" finished-at="2025-03-18T16:30:07 IST" duration-ms="9183" status="PASS">
          <reporter-output>
          </reporter-output>
        </test-method> <!-- testLogin -->
        <test-method is-config="true" signature="teardown()[pri:0, instance:com.ebay.pom.tests.LoginTest@c0c2f8d]" started-at="2025-03-18T16:30:07 IST" name="teardown" finished-at="2025-03-18T16:30:07 IST" duration-ms="357" status="PASS">
          <reporter-output>
          </reporter-output>
        </test-method> <!-- teardown -->
      </class> <!-- com.ebay.pom.tests.LoginTest -->
      <class name="com.ebay.pom.tests.RegistrationTest">
        <test-method is-config="true" signature="setup()[pri:0, instance:com.ebay.pom.tests.RegistrationTest@43c1b556]" started-at="2025-03-18T16:29:40 IST" name="setup" finished-at="2025-03-18T16:29:43 IST" duration-ms="2585" status="PASS">
          <reporter-output>
          </reporter-output>
        </test-method> <!-- setup -->
        <test-method signature="testUserRegistration()[pri:0, instance:com.ebay.pom.tests.RegistrationTest@43c1b556]" started-at="2025-03-18T16:29:43 IST" name="testUserRegistration" finished-at="2025-03-18T16:29:56 IST" duration-ms="13095" status="PASS">
          <reporter-output>
          </reporter-output>
        </test-method> <!-- testUserRegistration -->
        <test-method is-config="true" signature="teardown()[pri:0, instance:com.ebay.pom.tests.RegistrationTest@43c1b556]" started-at="2025-03-18T16:29:56 IST" name="teardown" finished-at="2025-03-18T16:29:56 IST" duration-ms="416" status="PASS">
          <reporter-output>
          </reporter-output>
        </test-method> <!-- teardown -->
      </class> <!-- com.ebay.pom.tests.RegistrationTest -->
    </test> <!-- eBay Tests -->
  </suite> <!-- eBay Test Suite -->
</testng-results>
